[28-Dec-2024 01:41:42 Europe/Berlin] PHP Warning:  ini_set(): Session ini settings cannot be changed when a session is active in C:\xampp\htdocs\Gestion_reservation_hotel\config.php on line 43
[28-Dec-2024 01:41:42 Europe/Berlin] PHP Warning:  ini_set(): Session ini settings cannot be changed when a session is active in C:\xampp\htdocs\Gestion_reservation_hotel\config.php on line 44
[28-Dec-2024 01:41:42 Europe/Berlin] PHP Warning:  ini_set(): Session ini settings cannot be changed when a session is active in C:\xampp\htdocs\Gestion_reservation_hotel\config.php on line 45
[28-Dec-2024 01:41:42 Europe/Berlin] PHP Notice:  session_start(): Ignoring session_start() because a session is already active in C:\xampp\htdocs\Gestion_reservation_hotel\config.php on line 46
[28-Dec-2024 01:41:42 Europe/Berlin] PHP Warning:  Constant DB_HOST already defined in C:\xampp\htdocs\Gestion_reservation_hotel\includes\config.php on line 3
[28-Dec-2024 01:41:42 Europe/Berlin] PHP Warning:  Constant DB_USER already defined in C:\xampp\htdocs\Gestion_reservation_hotel\includes\config.php on line 4
[28-Dec-2024 01:41:42 Europe/Berlin] PHP Warning:  Constant DB_NAME already defined in C:\xampp\htdocs\Gestion_reservation_hotel\includes\config.php on line 6
[28-Dec-2024 01:41:42 Europe/Berlin] PHP Warning:  Constant PAYPAL_CLIENT_ID already defined in C:\xampp\htdocs\Gestion_reservation_hotel\includes\config.php on line 9
[28-Dec-2024 01:41:42 Europe/Berlin] PHP Warning:  Constant PAYPAL_MODE already defined in C:\xampp\htdocs\Gestion_reservation_hotel\includes\config.php on line 11
[28-Dec-2024 01:41:42 Europe/Berlin] PHP Warning:  Constant PAYPAL_CURRENCY already defined in C:\xampp\htdocs\Gestion_reservation_hotel\includes\config.php on line 12
[28-Dec-2024 01:41:42 Europe/Berlin] PHP Warning:  Constant BASE_URL already defined in C:\xampp\htdocs\Gestion_reservation_hotel\includes\config.php on line 15
[28-Dec-2024 01:43:57 Europe/Berlin] PHP Warning:  ini_set(): Session ini settings cannot be changed when a session is active in C:\xampp\htdocs\Gestion_reservation_hotel\config.php on line 43
[28-Dec-2024 01:43:57 Europe/Berlin] PHP Warning:  ini_set(): Session ini settings cannot be changed when a session is active in C:\xampp\htdocs\Gestion_reservation_hotel\config.php on line 44
[28-Dec-2024 01:43:57 Europe/Berlin] PHP Warning:  ini_set(): Session ini settings cannot be changed when a session is active in C:\xampp\htdocs\Gestion_reservation_hotel\config.php on line 45
[28-Dec-2024 01:43:57 Europe/Berlin] PHP Notice:  session_start(): Ignoring session_start() because a session is already active in C:\xampp\htdocs\Gestion_reservation_hotel\config.php on line 46
[28-Dec-2024 01:43:57 Europe/Berlin] PHP Warning:  Constant DB_HOST already defined in C:\xampp\htdocs\Gestion_reservation_hotel\includes\config.php on line 3
[28-Dec-2024 01:43:57 Europe/Berlin] PHP Warning:  Constant DB_USER already defined in C:\xampp\htdocs\Gestion_reservation_hotel\includes\config.php on line 4
[28-Dec-2024 01:43:57 Europe/Berlin] PHP Warning:  Constant DB_NAME already defined in C:\xampp\htdocs\Gestion_reservation_hotel\includes\config.php on line 6
[28-Dec-2024 01:43:57 Europe/Berlin] PHP Warning:  Constant PAYPAL_CLIENT_ID already defined in C:\xampp\htdocs\Gestion_reservation_hotel\includes\config.php on line 9
[28-Dec-2024 01:43:57 Europe/Berlin] PHP Warning:  Constant PAYPAL_MODE already defined in C:\xampp\htdocs\Gestion_reservation_hotel\includes\config.php on line 11
[28-Dec-2024 01:43:57 Europe/Berlin] PHP Warning:  Constant PAYPAL_CURRENCY already defined in C:\xampp\htdocs\Gestion_reservation_hotel\includes\config.php on line 12
[28-Dec-2024 01:43:57 Europe/Berlin] PHP Warning:  Constant BASE_URL already defined in C:\xampp\htdocs\Gestion_reservation_hotel\includes\config.php on line 15
[28-Dec-2024 01:44:48 Europe/Berlin] PHP Warning:  ini_set(): Session ini settings cannot be changed when a session is active in C:\xampp\htdocs\Gestion_reservation_hotel\config.php on line 43
[28-Dec-2024 01:44:48 Europe/Berlin] PHP Warning:  ini_set(): Session ini settings cannot be changed when a session is active in C:\xampp\htdocs\Gestion_reservation_hotel\config.php on line 44
[28-Dec-2024 01:44:48 Europe/Berlin] PHP Warning:  ini_set(): Session ini settings cannot be changed when a session is active in C:\xampp\htdocs\Gestion_reservation_hotel\config.php on line 45
[28-Dec-2024 01:44:48 Europe/Berlin] PHP Notice:  session_start(): Ignoring session_start() because a session is already active in C:\xampp\htdocs\Gestion_reservation_hotel\config.php on line 46
[28-Dec-2024 01:44:48 Europe/Berlin] PHP Warning:  Constant DB_HOST already defined in C:\xampp\htdocs\Gestion_reservation_hotel\includes\config.php on line 3
[28-Dec-2024 01:44:48 Europe/Berlin] PHP Warning:  Constant DB_USER already defined in C:\xampp\htdocs\Gestion_reservation_hotel\includes\config.php on line 4
[28-Dec-2024 01:44:48 Europe/Berlin] PHP Warning:  Constant DB_NAME already defined in C:\xampp\htdocs\Gestion_reservation_hotel\includes\config.php on line 6
[28-Dec-2024 01:44:48 Europe/Berlin] PHP Warning:  Constant PAYPAL_CLIENT_ID already defined in C:\xampp\htdocs\Gestion_reservation_hotel\includes\config.php on line 9
[28-Dec-2024 01:44:48 Europe/Berlin] PHP Warning:  Constant PAYPAL_MODE already defined in C:\xampp\htdocs\Gestion_reservation_hotel\includes\config.php on line 11
[28-Dec-2024 01:44:48 Europe/Berlin] PHP Warning:  Constant PAYPAL_CURRENCY already defined in C:\xampp\htdocs\Gestion_reservation_hotel\includes\config.php on line 12
[28-Dec-2024 01:44:48 Europe/Berlin] PHP Warning:  Constant BASE_URL already defined in C:\xampp\htdocs\Gestion_reservation_hotel\includes\config.php on line 15
